#
# There is insufficient memory for the Java Runtime Environment to continue.
# Native memory allocation (mmap) failed to map 4161536 bytes for G1 virtual space
# Possible reasons:
#   The system is out of physical RAM or swap space
#   The process is running with CompressedOops enabled, and the Java Heap may be blocking the growth of the native heap
# Possible solutions:
#   Reduce memory load on the system
#   Increase physical memory or swap space
#   Check if swap backing store is full
#   Decrease Java heap size (-Xmx/-Xms)
#   Decrease number of Java threads
#   Decrease Java thread stack sizes (-Xss)
#   Set larger code cache with -XX:ReservedCodeCacheSize=
#   JVM is running with Zero Based Compressed Oops mode in which the Java heap is
#     placed in the first 32GB address space. The Java Heap base address is the
#     maximum limit for the native heap growth. Please use -XX:HeapBaseMinAddress
#     to set the Java Heap base and to place the Java Heap above 32GB virtual address.
# This output file may be truncated or incomplete.
#
#  Out of Memory Error (os_windows.cpp:3600), pid=21888, tid=21924
#
# JRE version:  (21.0.5+9) (build )
# Java VM: Java HotSpot(TM) 64-Bit Server VM (21.0.5+9-LTS-239, mixed mode, sharing, tiered, compressed oops, compressed class ptrs, g1 gc, windows-amd64)
# No core dump will be written. Minidumps are not enabled by default on client versions of Windows
#

---------------  S U M M A R Y ------------

Command Line: -Dfile.encoding=UTF-8 -Dstdout.encoding=UTF-8 -Dstderr.encoding=UTF-8 --module-path=D:\Java App Chat\Chat_Messenger\bin;C:\Users\hoang\.p2\pool\plugins\org.eclipse.fx.ide.css.jfx8_3.8.0.202204150904.jar;D:\JavaLibary\repository\repository\antlr\antlr\2.7.7\antlr-2.7.7.jar;D:\JavaLibary\repository\repository\mysql\mysql-connector-java\8.0.15\mysql-connector-java-8.0.15.jar;D:\JavaLibary\repository\repository\javax\persistence\javax.persistence-api\2.2\javax.persistence-api-2.2.jar;D:\JavaLibary\repository\repository\javax\inject\javax.inject\1\javax.inject-1.jar;D:\JavaLibary\repository\repository\javax\activation\javax.activation-api\1.2.0\javax.activation-api-1.2.0.jar;D:\JavaLibary\repository\repository\org\hibernate\hibernate-core\5.6.14.Final\hibernate-core-5.6.14.Final.jar;D:\JavaLibary\repository\repository\org\hibernate\common\hibernate-commons-annotations\5.1.2.Final\hibernate-commons-annotations-5.1.2.Final.jar;D:\JavaLibary\repository\repository\net\bytebuddy\byte-buddy\1.12.18\byte-buddy-1.12.18.jar;D:\JavaLibary\repository\repository\javax\xml\bind\jaxb-api\2.3.1\jaxb-api-2.3.1.jar;D:\JavaLibary\repository\repository\org\glassfish\jaxb\jaxb-runtime\2.3.1\jaxb-runtime-2.3.1.jar;D:\JavaLibary\repository\repository\org\glassfish\jaxb\jaxb-core\4.0.2\jaxb-core-4.0.2.jar;D:\JavaLibary\repository\repository\org\glassfish\jaxb\txw2\2.3.1\txw2-2.3.1.jar;D:\JavaLibary\repository\repository\com\sun\istack\istack-commons-runtime\3.0.7\istack-commons-runtime-3.0.7.jar;D:\JavaLibary\repository\repository\com\sun\xml\fastinfoset\FastInfoset\1.2.15\FastInfoset-1.2.15.jar;D:\JavaLibary\repository\repository\org\hibernate\validator\hibernate-validator\7.0.1.Final\hibernate-validator-7.0.1.Final.jar;D:\JavaLibary\repository\repository\com\fasterxml\classmate\1.5.1\classmate-1.5.1.jar;D:\JavaLibary\libary for chat app\itextpdf-5.5.9.jar;D:\JavaLibary\repository\repository\org\jfree\jcommon\1.0.23\jcommon-1.0.23.jar;D:\JavaLibary\repository\repository\org\jfree\jfreechart\1.5.0\jfreechart-1.5.0.jar;D:\JavaLibary\repository\repository\org\pro-XX:+ShowCodeDetailsInExceptionMessages -Djdk.module.main=Chat_Messenger Chat_Messenger/application.Main

Host: 11th Gen Intel(R) Core(TM) i5-11320H @ 3.20GHz, 8 cores, 15G,  Windows 11 , 64 bit Build 26100 (10.0.26100.5074)
Time: Sat Oct  4 09:28:16 2025 SE Asia Standard Time elapsed time: 0.010419 seconds (0d 0h 0m 0s)

---------------  T H R E A D  ---------------

Current thread (0x000002aeb6946790):  JavaThread "Unknown thread" [_thread_in_vm, id=21924, stack(0x000000ea8da00000,0x000000ea8db00000) (1024K)]

Stack: [0x000000ea8da00000,0x000000ea8db00000]
Native frames: (J=compiled Java code, j=interpreted, Vv=VM code, C=native code)
V  [jvm.dll+0x6ca289]
V  [jvm.dll+0x854a51]
V  [jvm.dll+0x856f7e]
V  [jvm.dll+0x857653]
V  [jvm.dll+0x27dd26]
V  [jvm.dll+0x6c6a25]
V  [jvm.dll+0x6bb5aa]
V  [jvm.dll+0x35359a]
V  [jvm.dll+0x35b1f6]
V  [jvm.dll+0x3adaf3]
V  [jvm.dll+0x3add88]
V  [jvm.dll+0x3278fc]
V  [jvm.dll+0x32845b]
V  [jvm.dll+0x81de19]
V  [jvm.dll+0x3ba7c1]
V  [jvm.dll+0x807168]
V  [jvm.dll+0x44f96e]
V  [jvm.dll+0x451561]
C  [jli.dll+0x52a3]
C  [ucrtbase.dll+0x37b0]
C  [KERNEL32.DLL+0x2e8d7]
C  [ntdll.dll+0x8d9c]


---------------  P R O C E S S  ---------------

Threads class SMR info:
_java_thread_list=0x00007ff945e9ac08, length=0, elements={
}

Java Threads: ( => current thread )
Total: 0

Other Threads:
  0x000002aeb6b965f0 WorkerThread "GC Thread#0"                     [id=21928, stack(0x000000ea8db00000,0x000000ea8dc00000) (1024K)]
  0x000002aeb6ba7170 ConcurrentGCThread "G1 Main Marker"            [id=21932, stack(0x000000ea8dc00000,0x000000ea8dd00000) (1024K)]
  0x000002aeb6ba7b80 WorkerThread "G1 Conc#0"                       [id=21936, stack(0x000000ea8dd00000,0x000000ea8de00000) (1024K)]

[error occurred during error reporting (printing all threads), id 0xc0000005, EXCEPTION_ACCESS_VIOLATION (0xc0000005) at pc=0x00007ff94560a087]
VM state: not at safepoint (not fully initialized)

VM Mutex/Monitor currently owned by a thread:  ([mutex/lock_event])
[0x00007ff945f0bf98] Heap_lock - owner thread: 0x000002aeb6946790

Heap address: 0x0000000703600000, size: 4042 MB, Compressed Oops mode: Zero based, Oop shift amount: 3

CDS archive(s) mapped at: [0x0000000000000000-0x0000000000000000-0x0000000000000000), size 0, SharedBaseAddress: 0x0000000800000000, ArchiveRelocationMode: 1.
Narrow klass base: 0x0000000000000000, Narrow klass shift: 0, Narrow klass range: 0x0

GC Precious Log:
 CardTable entry size: 512
 Card Set container configuration: InlinePtr #cards 4 size 8 Array Of Cards #cards 16 size 48 Howl #buckets 8 coarsen threshold 3686 Howl Bitmap #cards 512 size 80 coarsen threshold 460 Card regions per heap region 1 cards per card region 4096

Heap:
 garbage-first heap   total 0K, used 0K [0x0000000703600000, 0x0000000800000000)
  region size 2048K, 0 young (0K), 0 survivors (0K)

[error occurred during error reporting (printing heap information), id 0xc0000005, EXCEPTION_ACCESS_VIOLATION (0xc0000005) at pc=0x00007ff9459f3259]
GC Heap History (0 events):
No events

Dll operation events (1 events):
Event: 0.006 Loaded shared library C:\Program Files\Java\jdk-21\bin\java.dll

Deoptimization events (0 events):
No events

Classes loaded (0 events):
No events

Classes unloaded (0 events):
No events

Classes redefined (0 events):
No events

Internal exceptions (0 events):
No events

ZGC Phase Switch (0 events):
No events

VM Operations (0 events):
No events

Events (0 events):
No events


Dynamic libraries:
0x00007ff6a48e0000 - 0x00007ff6a48f0000 	C:\Program Files\Java\jdk-21\bin\javaw.exe
0x00007ff9df520000 - 0x00007ff9df789000 	C:\WINDOWS\SYSTEM32\ntdll.dll
0x00007ff9dd680000 - 0x00007ff9dd749000 	C:\WINDOWS\System32\KERNEL32.DLL
0x00007ff9dcd70000 - 0x00007ff9dd163000 	C:\WINDOWS\System32\KERNELBASE.dll
0x00007ff9dd1a0000 - 0x00007ff9dd2eb000 	C:\WINDOWS\System32\ucrtbase.dll
0x00007ff9c9cd0000 - 0x00007ff9c9ce9000 	C:\Program Files\Java\jdk-21\bin\jli.dll
0x00007ff9c42c0000 - 0x00007ff9c42db000 	C:\Program Files\Java\jdk-21\bin\VCRUNTIME140.dll
0x00007ff9df090000 - 0x00007ff9df144000 	C:\WINDOWS\System32\ADVAPI32.dll
0x00007ff9df260000 - 0x00007ff9df309000 	C:\WINDOWS\System32\msvcrt.dll
0x00007ff9dd550000 - 0x00007ff9dd5f6000 	C:\WINDOWS\System32\sechost.dll
0x00007ff9dd940000 - 0x00007ff9dda58000 	C:\WINDOWS\System32\RPCRT4.dll
0x00007ff9df310000 - 0x00007ff9df4d4000 	C:\WINDOWS\System32\USER32.dll
0x00007ff9dd170000 - 0x00007ff9dd197000 	C:\WINDOWS\System32\win32u.dll
0x00007ff9ddaf0000 - 0x00007ff9ddb1b000 	C:\WINDOWS\System32\GDI32.dll
0x00007ff9b4060000 - 0x00007ff9b42f3000 	C:\WINDOWS\WinSxS\amd64_microsoft.windows.common-controls_6595b64144ccf1df_6.0.26100.5074_none_3e0d6f78e32fd63f\COMCTL32.dll
0x00007ff9dcbb0000 - 0x00007ff9dccdd000 	C:\WINDOWS\System32\gdi32full.dll
0x00007ff9dc6b0000 - 0x00007ff9dc753000 	C:\WINDOWS\System32\msvcp_win.dll
0x00007ff9d0e50000 - 0x00007ff9d0e5b000 	C:\WINDOWS\SYSTEM32\VERSION.dll
0x00007ff9de0c0000 - 0x00007ff9de0ef000 	C:\WINDOWS\System32\IMM32.DLL
0x00007ff9cc3d0000 - 0x00007ff9cc3dc000 	C:\Program Files\Java\jdk-21\bin\vcruntime140_1.dll
0x00007ff9a4840000 - 0x00007ff9a48ce000 	C:\Program Files\Java\jdk-21\bin\msvcp140.dll
0x00007ff9452d0000 - 0x00007ff945fe8000 	C:\Program Files\Java\jdk-21\bin\server\jvm.dll
0x00007ff9dd4d0000 - 0x00007ff9dd544000 	C:\WINDOWS\System32\WS2_32.dll
0x00007ff9dc510000 - 0x00007ff9dc56e000 	C:\WINDOWS\SYSTEM32\POWRPROF.dll
0x00007ff9d0e00000 - 0x00007ff9d0e35000 	C:\WINDOWS\SYSTEM32\WINMM.dll
0x00007ff9dc4f0000 - 0x00007ff9dc504000 	C:\WINDOWS\SYSTEM32\UMPDC.dll
0x00007ff9db490000 - 0x00007ff9db4ab000 	C:\WINDOWS\SYSTEM32\kernel.appcore.dll
0x00007ff9d71d0000 - 0x00007ff9d71da000 	C:\Program Files\Java\jdk-21\bin\jimage.dll
0x00007ff9d9b70000 - 0x00007ff9d9db2000 	C:\WINDOWS\SYSTEM32\DBGHELP.DLL
0x00007ff9ded10000 - 0x00007ff9df08b000 	C:\WINDOWS\System32\combase.dll
0x00007ff9df180000 - 0x00007ff9df257000 	C:\WINDOWS\System32\OLEAUT32.dll
0x00007ff9bf180000 - 0x00007ff9bf1bd000 	C:\WINDOWS\SYSTEM32\dbgcore.DLL
0x00007ff9dc820000 - 0x00007ff9dc8b9000 	C:\WINDOWS\System32\bcryptPrimitives.dll
0x00007ff9d7170000 - 0x00007ff9d718f000 	C:\Program Files\Java\jdk-21\bin\java.dll

dbghelp: loaded successfully - version: 4.0.5 - missing functions: none
symbol engine: initialized successfully - sym options: 0x614 - pdb path: .;C:\Program Files\Java\jdk-21\bin;C:\WINDOWS\SYSTEM32;C:\WINDOWS\WinSxS\amd64_microsoft.windows.common-controls_6595b64144ccf1df_6.0.26100.5074_none_3e0d6f78e32fd63f;C:\Program Files\Java\jdk-21\bin\server

VM Arguments:
jvm_args: -Dfile.encoding=UTF-8 -Dstdout.encoding=UTF-8 -Dstderr.encoding=UTF-8 --module-path=D:\Java App Chat\Chat_Messenger\bin;C:\Users\hoang\.p2\pool\plugins\org.eclipse.fx.ide.css.jfx8_3.8.0.202204150904.jar;D:\JavaLibary\repository\repository\antlr\antlr\2.7.7\antlr-2.7.7.jar;D:\JavaLibary\repository\repository\mysql\mysql-connector-java\8.0.15\mysql-connector-java-8.0.15.jar;D:\JavaLibary\repository\repository\javax\persistence\javax.persistence-api\2.2\javax.persistence-api-2.2.jar;D:\JavaLibary\repository\repository\javax\inject\javax.inject\1\javax.inject-1.jar;D:\JavaLibary\repository\repository\javax\activation\javax.activation-api\1.2.0\javax.activation-api-1.2.0.jar;D:\JavaLibary\repository\repository\org\hibernate\hibernate-core\5.6.14.Final\hibernate-core-5.6.14.Final.jar;D:\JavaLibary\repository\repository\org\hibernate\common\hibernate-commons-annotations\5.1.2.Final\hibernate-commons-annotations-5.1.2.Final.jar;D:\JavaLibary\repository\repository\net\bytebuddy\byte-buddy\1.12.18\byte-buddy-1.12.18.jar;D:\JavaLibary\repository\repository\javax\xml\bind\jaxb-api\2.3.1\jaxb-api-2.3.1.jar;D:\JavaLibary\repository\repository\org\glassfish\jaxb\jaxb-runtime\2.3.1\jaxb-runtime-2.3.1.jar;D:\JavaLibary\repository\repository\org\glassfish\jaxb\jaxb-core\4.0.2\jaxb-core-4.0.2.jar;D:\JavaLibary\repository\repository\org\glassfish\jaxb\txw2\2.3.1\txw2-2.3.1.jar;D:\JavaLibary\repository\repository\com\sun\istack\istack-commons-runtime\3.0.7\istack-commons-runtime-3.0.7.jar;D:\JavaLibary\repository\repository\com\sun\xml\fastinfoset\FastInfoset\1.2.15\FastInfoset-1.2.15.jar;D:\JavaLibary\repository\repository\org\hibernate\validator\hibernate-validator\7.0.1.Final\hibernate-validator-7.0.1.Final.jar;D:\JavaLibary\repository\repository\com\fasterxml\classmate\1.5.1\classmate-1.5.1.jar;D:\JavaLibary\libary for chat app\itextpdf-5.5.9.jar;D:\JavaLibary\repository\repository\org\jfree\jcommon\1.0.23\jcommon-1.0.23.jar;D:\JavaLibary\repository\repository\org\jfree\jfreechart\1.5.0\jfreechart-1.5.0.jar;D:\JavaLibary\repository\repository\org\pro-XX:+ShowCodeDetailsInExceptionMessages -Djdk.module.main=Chat_Messenger 
java_command: Chat_Messenger/application.Main
java_class_path (initial): <not set>
Launcher Type: SUN_STANDARD

[Global flags]
     intx CICompilerCount                          = 4                                         {product} {ergonomic}
     uint ConcGCThreads                            = 2                                         {product} {ergonomic}
     uint G1ConcRefinementThreads                  = 8                                         {product} {ergonomic}
   size_t G1HeapRegionSize                         = 2097152                                   {product} {ergonomic}
    uintx GCDrainStackTargetSize                   = 64                                        {product} {ergonomic}
   size_t InitialHeapSize                          = 266338304                                 {product} {ergonomic}
   size_t MarkStackSize                            = 4194304                                   {product} {ergonomic}
   size_t MaxHeapSize                              = 4238344192                                {product} {ergonomic}
   size_t MinHeapDeltaBytes                        = 2097152                                   {product} {ergonomic}
   size_t MinHeapSize                              = 8388608                                   {product} {ergonomic}
    uintx NonNMethodCodeHeapSize                   = 5839372                                {pd product} {ergonomic}
    uintx NonProfiledCodeHeapSize                  = 122909434                              {pd product} {ergonomic}
    uintx ProfiledCodeHeapSize                     = 122909434                              {pd product} {ergonomic}
    uintx ReservedCodeCacheSize                    = 251658240                              {pd product} {ergonomic}
     bool SegmentedCodeCache                       = true                                      {product} {ergonomic}
     bool ShowCodeDetailsInExceptionMessages       = true                                   {manageable} {command line}
   size_t SoftMaxHeapSize                          = 4238344192                             {manageable} {ergonomic}
     bool UseCompressedOops                        = true                           {product lp64_product} {ergonomic}
     bool UseG1GC                                  = true                                      {product} {ergonomic}
     bool UseLargePagesIndividualAllocation        = false                                  {pd product} {ergonomic}

Logging:
Log output configuration:
 #0: stdout all=warning uptime,level,tags foldmultilines=false
 #1: stderr all=off uptime,level,tags foldmultilines=false

Environment Variables:
JAVA_HOME=C:\Program Files\Java\jdk-21
PATH=C:/Program Files/Java/jdk-21/bin/server;C:/Program Files/Java/jdk-21/bin;C:\Program Files\Java\jdk-21\bin;C:\Program Files\Common Files\Oracle\Java\javapath;C:\Windows\system32;C:\Windows;C:\Windows\System32\Wbem;C:\Windows\System32\WindowsPowerShell\v1.0\;C:\Windows\System32\OpenSSH\;C:\Program Files (x86)\NVIDIA Corporation\PhysX\Common;C:\Program Files\NVIDIA Corporation\NVIDIA NvDLISR;C:\WINDOWS\system32;C:\WINDOWS;C:\WINDOWS\System32\Wbem;C:\WINDOWS\System32\WindowsPowerShell\v1.0\;C:\WINDOWS\System32\OpenSSH\;C:\Program Files (x86)\Microsoft SQL Server\160\Tools\Binn\;C:\Program Files\Microsoft SQL Server\160\Tools\Binn\;C:\Program Files\Microsoft SQL Server\Client SDK\ODBC\170\Tools\Binn\;C:\Program Files\Microsoft SQL Server\160\DTS\Binn\;C:\Program Files\Git\cmd;C:\Program Files\nodejs\;C:\Program Files\Java\apache-maven-3.9.9\bin;C:\Program Files\MongoDB\Server\8.0\bin;C:\Program Files\Microsoft SQL Server\150\Tools\Binn\;C:\Program Files\Microsoft SQL Server\130\DTS\Binn\;C:\Program Files\Microsoft SQL Server\140\DTS\Binn\;C:\Program Files\Microsoft SQL Server\150\DTS\Binn\;D:\python\Scripts\;D:\python\;C:\Users\hoang\AppData\Local\Microsoft\WindowsApps;C:\Program Files\Azure Data Studio\bin;C:\Users\hoang\AppData\Roaming\npm;C:\Users\hoang\AppData\Local\Programs\Microsoft VS Code\bin;D:\PyCharm\PyCharm 2025.2.2\bin;C:\Users\hoang\Desktop;
USERNAME=hoang
OS=Windows_NT
PROCESSOR_IDENTIFIER=Intel64 Family 6 Model 140 Stepping 2, GenuineIntel
TMP=C:\Users\hoang\AppData\Local\Temp
TEMP=C:\Users\hoang\AppData\Local\Temp




Periodic native trim disabled

---------------  S Y S T E M  ---------------

OS:
 Windows 11 , 64 bit Build 26100 (10.0.26100.5074)
OS uptime: 1 days 1:02 hours

CPU: total 8 (initial active 8) (4 cores per cpu, 2 threads per core) family 6 model 140 stepping 2 microcode 0x26, cx8, cmov, fxsr, ht, mmx, 3dnowpref, sse, sse2, sse3, ssse3, sse4.1, sse4.2, popcnt, lzcnt, tsc, tscinvbit, avx, avx2, aes, erms, clmul, bmi1, bmi2, adx, avx512f, avx512dq, avx512cd, avx512bw, avx512vl, sha, fma, vzeroupper, avx512_vpopcntdq, avx512_vpclmulqdq, avx512_vaes, avx512_vnni, clflush, clflushopt, clwb, avx512_vbmi2, avx512_vbmi, rdtscp, rdpid, fsrm, gfni, avx512_bitalg, f16c, pku, cet_ibt, cet_ss, avx512_ifma
Processor Information for all 8 processors :
  Max Mhz: 3187, Current Mhz: 3187, Mhz Limit: 3187

Memory: 4k page, system-wide physical 16167M (2015M free)
TotalPageFile size 19504M (AvailPageFile size 6M)
current process WorkingSet (physical memory assigned to process): 13M, peak: 13M
current process commit charge ("private bytes"): 315M, peak: 319M

vm_info: Java HotSpot(TM) 64-Bit Server VM (21.0.5+9-LTS-239) for windows-amd64 JRE (21.0.5+9-LTS-239), built on 2024-09-30T05:17:38Z by "mach5one" with MS VC++ 17.6 (VS2022)

END.
